# JRE version: Java(TM) SE Runtime Environment (8.0_66-b17) (build 1.8.0_66-b17)
# Java VM: Java HotSpot(TM) Client VM (25.66-b17 mixed mode windows-x86 )
Heap:
 def new generation   total 39424K, used 33814K [0x04800000, 0x072c0000, 0x0f2a0000)
  eden space 35072K,  95% used [0x04800000, 0x068ab870, 0x06a40000)
  from space 4352K,   8% used [0x06a40000, 0x06a9a328, 0x06e80000)
  to   space 4352K,   0% used [0x06e80000, 0x06e80000, 0x072c0000)
 tenured generation   total 87424K, used 23510K [0x0f2a0000, 0x14800000, 0x24800000)
   the space 87424K,  26% used [0x0f2a0000, 0x10995bd8, 0x10995c00, 0x14800000)
 Metaspace       used 18013K, capacity 18432K, committed 18560K, reserved 18816K
GC Heap History (10 events):
Event: 171.342 GC heap before
{Heap before GC invocations=4 (full 1):
 def new generation   total 39424K, used 39416K [0x04800000, 0x072c0000, 0x0f2a0000)
  eden space 35072K,  99% used [0x04800000, 0x06a3e1f8, 0x06a40000)
  from space 4352K, 100% used [0x06e80000, 0x072c0000, 0x072c0000)
  to   space 4352K,   0% used [0x06a40000, 0x06a40000, 0x06e80000)
 tenured generation   total 87424K, used 15138K [0x0f2a0000, 0x14800000, 0x24800000)
   the space 87424K,  17% used [0x0f2a0000, 0x10168be0, 0x10168c00, 0x14800000)
 Metaspace       used 17809K, capacity 18218K, committed 18304K, reserved 18816K
Event: 171.348 GC heap after
Heap after GC invocations=5 (full 1):
 def new generation   total 39424K, used 4352K [0x04800000, 0x072c0000, 0x0f2a0000)
  eden space 35072K,   0% used [0x04800000, 0x04800000, 0x06a40000)
  from space 4352K, 100% used [0x06a40000, 0x06e80000, 0x06e80000)
  to   space 4352K,   0% used [0x06e80000, 0x06e80000, 0x072c0000)
 tenured generation   total 87424K, used 19224K [0x0f2a0000, 0x14800000, 0x24800000)
   the space 87424K,  21% used [0x0f2a0000, 0x10566018, 0x10566200, 0x14800000)
 Metaspace       used 17809K, capacity 18218K, committed 18304K, reserved 18816K
}
Event: 545.646 GC heap before
{Heap before GC invocations=5 (full 1):
 def new generation   total 39424K, used 39424K [0x04800000, 0x072c0000, 0x0f2a0000)
  eden space 35072K, 100% used [0x04800000, 0x06a40000, 0x06a40000)
  from space 4352K, 100% used [0x06a40000, 0x06e80000, 0x06e80000)
  to   space 4352K,   0% used [0x06e80000, 0x06e80000, 0x072c0000)
 tenured generation   total 87424K, used 19224K [0x0f2a0000, 0x14800000, 0x24800000)
   the space 87424K,  21% used [0x0f2a0000, 0x10566018, 0x10566200, 0x14800000)
 Metaspace       used 17990K, capacity 18432K, committed 18560K, reserved 18816K
Event: 545.650 GC heap after
Heap after GC invocations=6 (full 1):
 def new generation   total 39424K, used 824K [0x04800000, 0x072c0000, 0x0f2a0000)
  eden space 35072K,   0% used [0x04800000, 0x04800000, 0x06a40000)
  from space 4352K,  18% used [0x06e80000, 0x06f4e2e8, 0x072c0000)
  to   space 4352K,   0% used [0x06a40000, 0x06a40000, 0x06e80000)
 tenured generation   total 87424K, used 23510K [0x0f2a0000, 0x14800000, 0x24800000)
   the space 87424K,  26% used [0x0f2a0000, 0x10995bd8, 0x10995c00, 0x14800000)
 Metaspace       used 17990K, capacity 18432K, committed 18560K, reserved 18816K
}
Event: 1487.540 GC heap before
{Heap before GC invocations=6 (full 1):
 def new generation   total 39424K, used 35896K [0x04800000, 0x072c0000, 0x0f2a0000)
  eden space 35072K, 100% used [0x04800000, 0x06a40000, 0x06a40000)
  from space 4352K,  18% used [0x06e80000, 0x06f4e2e8, 0x072c0000)
  to   space 4352K,   0% used [0x06a40000, 0x06a40000, 0x06e80000)
 tenured generation   total 87424K, used 23510K [0x0f2a0000, 0x14800000, 0x24800000)
   the space 87424K,  26% used [0x0f2a0000, 0x10995bd8, 0x10995c00, 0x14800000)
 Metaspace       used 18013K, capacity 18432K, committed 18560K, reserved 18816K
Event: 1487.542 GC heap after
Heap after GC invocations=7 (full 1):
 def new generation   total 39424K, used 811K [0x04800000, 0x072c0000, 0x0f2a0000)
  eden space 35072K,   0% used [0x04800000, 0x04800000, 0x06a40000)
  from space 4352K,  18% used [0x06a40000, 0x06b0ae40, 0x06e80000)
  to   space 4352K,   0% used [0x06e80000, 0x06e80000, 0x072c0000)
 tenured generation   total 87424K, used 23510K [0x0f2a0000, 0x14800000, 0x24800000)
   the space 87424K,  26% used [0x0f2a0000, 0x10995bd8, 0x10995c00, 0x14800000)
 Metaspace       used 18013K, capacity 18432K, committed 18560K, reserved 18816K
}
Event: 2337.793 GC heap before
{Heap before GC invocations=7 (full 1):
 def new generation   total 39424K, used 35883K [0x04800000, 0x072c0000, 0x0f2a0000)
  eden space 35072K, 100% used [0x04800000, 0x06a40000, 0x06a40000)
  from space 4352K,  18% used [0x06a40000, 0x06b0ae40, 0x06e80000)
  to   space 4352K,   0% used [0x06e80000, 0x06e80000, 0x072c0000)
 tenured generation   total 87424K, used 23510K [0x0f2a0000, 0x14800000, 0x24800000)
   the space 87424K,  26% used [0x0f2a0000, 0x10995bd8, 0x10995c00, 0x14800000)
 Metaspace       used 18013K, capacity 18432K, committed 18560K, reserved 18816K
Event: 2337.794 GC heap after
Heap after GC invocations=8 (full 1):
 def new generation   total 39424K, used 362K [0x04800000, 0x072c0000, 0x0f2a0000)
  eden space 35072K,   0% used [0x04800000, 0x04800000, 0x06a40000)
  from space 4352K,   8% used [0x06e80000, 0x06eda8b8, 0x072c0000)
  to   space 4352K,   0% used [0x06a40000, 0x06a40000, 0x06e80000)
 tenured generation   total 87424K, used 23510K [0x0f2a0000, 0x14800000, 0x24800000)
   the space 87424K,  26% used [0x0f2a0000, 0x10995bd8, 0x10995c00, 0x14800000)
 Metaspace       used 18013K, capacity 18432K, committed 18560K, reserved 18816K
}
Event: 3197.347 GC heap before
{Heap before GC invocations=8 (full 1):
 def new generation   total 39424K, used 35434K [0x04800000, 0x072c0000, 0x0f2a0000)
  eden space 35072K, 100% used [0x04800000, 0x06a40000, 0x06a40000)
  from space 4352K,   8% used [0x06e80000, 0x06eda8b8, 0x072c0000)
  to   space 4352K,   0% used [0x06a40000, 0x06a40000, 0x06e80000)
 tenured generation   total 87424K, used 23510K [0x0f2a0000, 0x14800000, 0x24800000)
   the space 87424K,  26% used [0x0f2a0000, 0x10995bd8, 0x10995c00, 0x14800000)
 Metaspace       used 18013K, capacity 18432K, committed 18560K, reserved 18816K
Event: 3197.349 GC heap after
Heap after GC invocations=9 (full 1):
 def new generation   total 39424K, used 360K [0x04800000, 0x072c0000, 0x0f2a0000)
  eden space 35072K,   0% used [0x04800000, 0x04800000, 0x06a40000)
  from space 4352K,   8% used [0x06a40000, 0x06a9a328, 0x06e80000)
  to   space 4352K,   0% used [0x06e80000, 0x06e80000, 0x072c0000)
 tenured generation   total 87424K, used 23510K [0x0f2a0000, 0x14800000, 0x24800000)
   the space 87424K,  26% used [0x0f2a0000, 0x10995bd8, 0x10995c00, 0x14800000)
 Metaspace       used 18013K, capacity 18432K, committed 18560K, reserved 18816K
}

